2022-03-21 23:24:37.801  INFO 15152 --- [restartedMain] com.bb17.storage.StorageApplication      : Starting StorageApplication using Java 11.0.11 on DESKTOP-HO3T745 with PID 15152 (C:\Users\user\eclipse-workspace\storage\target\classes started by user in C:\Users\user\eclipse-workspace\storage)
2022-03-21 23:24:37.808  INFO 15152 --- [restartedMain] com.bb17.storage.StorageApplication      : No active profile set, falling back to 1 default profile: "default"
2022-03-21 23:24:37.891  INFO 15152 --- [restartedMain] .e.DevToolsPropertyDefaultsPostProcessor : Devtools property defaults active! Set 'spring.devtools.add-properties' to 'false' to disable
2022-03-21 23:24:37.891  INFO 15152 --- [restartedMain] .e.DevToolsPropertyDefaultsPostProcessor : For additional web related logging consider setting the 'logging.level.web' property to 'DEBUG'
2022-03-21 23:24:38.823  INFO 15152 --- [restartedMain] .s.d.r.c.RepositoryConfigurationDelegate : Bootstrapping Spring Data JPA repositories in DEFAULT mode.
2022-03-21 23:24:38.893  INFO 15152 --- [restartedMain] .s.d.r.c.RepositoryConfigurationDelegate : Finished Spring Data repository scanning in 58 ms. Found 1 JPA repository interfaces.
2022-03-21 23:24:39.569  INFO 15152 --- [restartedMain] o.s.b.w.embedded.tomcat.TomcatWebServer  : Tomcat initialized with port(s): 8080 (http)
2022-03-21 23:24:39.579  INFO 15152 --- [restartedMain] o.apache.catalina.core.StandardService   : Starting service [Tomcat]
2022-03-21 23:24:39.579  INFO 15152 --- [restartedMain] org.apache.catalina.core.StandardEngine  : Starting Servlet engine: [Apache Tomcat/9.0.58]
2022-03-21 23:24:39.690  INFO 15152 --- [restartedMain] o.a.c.c.C.[Tomcat].[localhost].[/]       : Initializing Spring embedded WebApplicationContext
2022-03-21 23:24:39.690  INFO 15152 --- [restartedMain] w.s.c.ServletWebServerApplicationContext : Root WebApplicationContext: initialization completed in 1798 ms
2022-03-21 23:24:39.905  INFO 15152 --- [restartedMain] com.zaxxer.hikari.HikariDataSource       : HikariPool-1 - Starting...
2022-03-21 23:24:40.271  INFO 15152 --- [restartedMain] com.zaxxer.hikari.HikariDataSource       : HikariPool-1 - Start completed.
2022-03-21 23:24:40.332  INFO 15152 --- [restartedMain] o.hibernate.jpa.internal.util.LogHelper  : HHH000204: Processing PersistenceUnitInfo [name: default]
2022-03-21 23:24:40.412  INFO 15152 --- [restartedMain] org.hibernate.Version                    : HHH000412: Hibernate ORM core version 5.6.5.Final
2022-03-21 23:24:40.969  INFO 15152 --- [restartedMain] o.hibernate.annotations.common.Version   : HCANN000001: Hibernate Commons Annotations {5.1.2.Final}
2022-03-21 23:24:41.319  INFO 15152 --- [restartedMain] org.hibernate.dialect.Dialect            : HHH000400: Using dialect: org.hibernate.dialect.MySQL8Dialect
2022-03-21 23:24:41.985  INFO 15152 --- [restartedMain] o.h.e.t.j.p.i.JtaPlatformInitiator       : HHH000490: Using JtaPlatform implementation: [org.hibernate.engine.transaction.jta.platform.internal.NoJtaPlatform]
2022-03-21 23:24:41.995  INFO 15152 --- [restartedMain] j.LocalContainerEntityManagerFactoryBean : Initialized JPA EntityManagerFactory for persistence unit 'default'
2022-03-21 23:24:42.409  WARN 15152 --- [restartedMain] JpaBaseConfiguration$JpaWebConfiguration : spring.jpa.open-in-view is enabled by default. Therefore, database queries may be performed during view rendering. Explicitly configure spring.jpa.open-in-view to disable this warning
2022-03-21 23:24:42.625  INFO 15152 --- [restartedMain] o.s.s.web.DefaultSecurityFilterChain     : Will not secure any request
2022-03-21 23:24:43.086  INFO 15152 --- [restartedMain] o.s.b.d.a.OptionalLiveReloadServer       : LiveReload server is running on port 35729
2022-03-21 23:24:43.139  INFO 15152 --- [restartedMain] o.s.b.w.embedded.tomcat.TomcatWebServer  : Tomcat started on port(s): 8080 (http) with context path ''
2022-03-21 23:24:43.147  INFO 15152 --- [restartedMain] com.bb17.storage.StorageApplication      : Started StorageApplication in 5.897 seconds (JVM running for 8.151)
